UG to STEP
! INFO-     NX STEP AP214 - V1953
! INFO-      
! INFO-     Start of Translation: 2-OCT-2021  12:00:01 PM
! INFO-      
! STATUS-   Converting Part: C:\Users\v6cl\AppData\Local\Temp\v6cl120037B8bxnf.prt
! SUMMARY-   
! SUMMARY-  Summary of Unigraphics Part Entities
! SUMMARY-  For Part: C:\Users\v6cl\AppData\Local\Temp\v6cl120037B8bxnf.prt 
! SUMMARY-  Entities Processed             Count
! SUMMARY-  ------------------             -----
! SUMMARY-  Part Attribute ..............:     1
! SUMMARY-  Font ........................:     1
! SUMMARY-  Color Table .................:     2
! SUMMARY-  Coordinate System ...........:     1
! SUMMARY-  Parameter ...................:     1
! SUMMARY-  Matrix ......................:     1
! SUMMARY-  Solid .......................:
! SUMMARY-     Body .....................:     1
! SUMMARY-                                 -----
! SUMMARY-  Total                              8
! STATUS-    
! STATUS-   Converting to Output Form (Phase 2 of 3): 2-OCT-2021 12:00:02 PM
! STATUS-    
! STATUS-    
! STATUS-   Generating UG geometry and placing them in parts
! STATUS-    
! SUMMARY-   
! SUMMARY-    STEP Header Information
! SUMMARY-   
! SUMMARY-  Description      Unknown
! SUMMARY-  Imp_Level        1
! SUMMARY-  File_Name        LiftHandle_right.stp
! SUMMARY-  Date             2021-10-02T12:00:02+09:00
! SUMMARY-  Author           Unknown
! SUMMARY-  Organization     Unknown
! SUMMARY-  Pre_Version      ST-DEVELOPER v18.1
! SUMMARY-  Orig_System      SIEMENS PLM Software NX 1965
! SUMMARY-  Authorization    Unknown
! SUMMARY-  Schema_ID        step_merged_ap_schema
! SUMMARY-   
! SUMMARY-    Summary of STEP Entities
! SUMMARY-   
! SUMMARY-  Entity Type                                                   Count
! SUMMARY-  -----------                                                   ------
! SUMMARY-  advanced_face ..............................................:    345
! SUMMARY-  application_context ........................................:      1
! SUMMARY-  axis2_placement_3d .........................................:    393
! SUMMARY-  b_spline_curve_with_knots ..................................:    381
! SUMMARY-  b_spline_surface_with_knots ................................:     99
! SUMMARY-  b_spline_surface_with_knots_and_rational_b_spline_surface ..:      6
! SUMMARY-  cartesian_point ............................................:   6854
! SUMMARY-  circle .....................................................:    117
! SUMMARY-  closed_shell ...............................................:      1
! SUMMARY-  conical_surface ............................................:     24
! SUMMARY-  conversion_based_unit_and_plane_angle_unit .................:      1
! SUMMARY-  cylindrical_surface ........................................:     94
! SUMMARY-  dimensional_exponents ......................................:      1
! SUMMARY-  direction ..................................................:   1118
! SUMMARY-  edge_curve .................................................:    865
! SUMMARY-  edge_loop ..................................................:    382
! SUMMARY-  ellipse ....................................................:     35
! SUMMARY-  face_bound .................................................:     64
! SUMMARY-  face_outer_bound ...........................................:    318
! SUMMARY-  geometric_representation_context_and_global_uncertainty_a ..:      1
! SUMMARY-  length_unit_and_si_unit ....................................:      1
! SUMMARY-  line .......................................................:    332
! SUMMARY-  manifold_solid_brep ........................................:      1
! SUMMARY-  oriented_edge ..............................................:   1730
! SUMMARY-  plane ......................................................:    122
! SUMMARY-  plane_angle_measure_with_unit ..............................:      1
! SUMMARY-  plane_angle_unit_and_si_unit ...............................:      1
! SUMMARY-  product ....................................................:      1
! SUMMARY-  product_context ............................................:      1
! SUMMARY-  product_definition .........................................:      1
! SUMMARY-  product_definition_context .................................:      1
! SUMMARY-  product_definition_formation_with_specified_source .........:      1
! SUMMARY-  product_definition_shape ...................................:      1
! SUMMARY-  product_related_product_category ...........................:      1
! SUMMARY-  si_unit_and_solid_angle_unit ...............................:      1
! SUMMARY-  uncertainty_measure_with_unit ..............................:      1
! SUMMARY-  vector .....................................................:    332
! SUMMARY-  vertex_point ...............................................:    531
! SUMMARY-                                                               -------
! SUMMARY-  Total                                                          14160
! INFO-      
! INFO-     User interface/default file
! INFO-     Bspline aprx. value in effect for this translation : 2.540000e-02 mm
! INFO-      
! INFO-     Total number of solids input for this translation  :       1
! INFO-      
! INFO-     Number of solids processed without problems        :       1
! INFO-      
! INFO-     Number of solids with problems output as sheets    :       0
! INFO-      
! INFO-     Number of solids not processed                     :       0
! INFO-      
! INFO-     End of Translation: 2-OCT-2021  12:00:02 PM
! INFO-      
