UG to STEP
! INFO-     NX STEP AP214 - V1953
! INFO-      
! INFO-     Start of Translation: 30-SEP-2021  4:01:56 PM
! INFO-      
! STATUS-   Converting Part: C:\Users\V6CL\AppData\Local\Temp\V6CL435C31FC8jg2.prt
! SUMMARY-   
! SUMMARY-  Summary of Unigraphics Part Entities
! SUMMARY-  For Part: C:\Users\V6CL\AppData\Local\Temp\V6CL435C31FC8jg2.prt 
! SUMMARY-  Entities Processed             Count
! SUMMARY-  ------------------             -----
! SUMMARY-  Part Attribute ..............:     1
! SUMMARY-  Font ........................:     1
! SUMMARY-  Color Table .................:     2
! SUMMARY-  Coordinate System ...........:     1
! SUMMARY-  Parameter ...................:     1
! SUMMARY-  Matrix ......................:     1
! SUMMARY-  Solid .......................:
! SUMMARY-     Body .....................:    24
! SUMMARY-                                 -----
! SUMMARY-  Total                             31
! STATUS-    
! STATUS-   Converting to Output Form (Phase 2 of 3): 30-SEP-2021 4:01:57 PM
! STATUS-    
! STATUS-    
! STATUS-   Generating UG geometry and placing them in parts
! STATUS-    
! SUMMARY-   
! SUMMARY-    STEP Header Information
! SUMMARY-   
! SUMMARY-  Description      Unknown
! SUMMARY-  Imp_Level        1
! SUMMARY-  File_Name        PanelLocker.stp
! SUMMARY-  Date             2021-09-30T16:01:57+09:00
! SUMMARY-  Author           Unknown
! SUMMARY-  Organization     Unknown
! SUMMARY-  Pre_Version      ST-DEVELOPER v18.1
! SUMMARY-  Orig_System      SIEMENS PLM Software NX 1953
! SUMMARY-  Authorization    Unknown
! SUMMARY-  Schema_ID        step_merged_ap_schema
! SUMMARY-   
! SUMMARY-    Summary of STEP Entities
! SUMMARY-   
! SUMMARY-  Entity Type                                                   Count
! SUMMARY-  -----------                                                   ------
! SUMMARY-  advanced_face ..............................................:    920
! SUMMARY-  application_context ........................................:      1
! SUMMARY-  axis2_placement_3d .........................................:   1719
! SUMMARY-  b_spline_curve_with_knots ..................................:     34
! SUMMARY-  b_spline_surface_with_knots_and_rational_b_spline_surface ..:     72
! SUMMARY-  cartesian_point ............................................:   5913
! SUMMARY-  circle .....................................................:    730
! SUMMARY-  closed_shell ...............................................:     24
! SUMMARY-  conversion_based_unit_and_plane_angle_unit .................:      1
! SUMMARY-  cylindrical_surface ........................................:    390
! SUMMARY-  dimensional_exponents ......................................:      1
! SUMMARY-  direction ..................................................:   4680
! SUMMARY-  edge_curve .................................................:   2146
! SUMMARY-  edge_loop ..................................................:   1010
! SUMMARY-  ellipse ....................................................:    140
! SUMMARY-  face_bound .................................................:    180
! SUMMARY-  face_outer_bound ...........................................:    830
! SUMMARY-  geometric_representation_context_and_global_uncertainty_a ..:      1
! SUMMARY-  length_unit_and_si_unit ....................................:      1
! SUMMARY-  line .......................................................:   1242
! SUMMARY-  manifold_solid_brep ........................................:     24
! SUMMARY-  oriented_edge ..............................................:   4292
! SUMMARY-  plane ......................................................:    348
! SUMMARY-  plane_angle_measure_with_unit ..............................:      1
! SUMMARY-  plane_angle_unit_and_si_unit ...............................:      1
! SUMMARY-  product ....................................................:      1
! SUMMARY-  product_context ............................................:      1
! SUMMARY-  product_definition .........................................:      1
! SUMMARY-  product_definition_context .................................:      1
! SUMMARY-  product_definition_formation_with_specified_source .........:      1
! SUMMARY-  product_definition_shape ...................................:      1
! SUMMARY-  product_related_product_category ...........................:      1
! SUMMARY-  si_unit_and_solid_angle_unit ...............................:      1
! SUMMARY-  spherical_surface ..........................................:     96
! SUMMARY-  toroidal_surface ...........................................:     14
! SUMMARY-  uncertainty_measure_with_unit ..............................:      1
! SUMMARY-  vector .....................................................:   1242
! SUMMARY-  vertex_point ...............................................:   1304
! SUMMARY-                                                               -------
! SUMMARY-  Total                                                          27366
! INFO-      
! INFO-     User interface/default file
! INFO-     Bspline aprx. value in effect for this translation : 2.540000e-02 mm
! INFO-      
! INFO-     Total number of solids input for this translation  :      24
! INFO-      
! INFO-     Number of solids processed without problems        :      24
! INFO-      
! INFO-     Number of solids with problems output as sheets    :       0
! INFO-      
! INFO-     Number of solids not processed                     :       0
! INFO-      
! INFO-     End of Translation: 30-SEP-2021  4:01:57 PM
! INFO-      
