UG to STEP
! INFO-     NX STEP AP214 - V1953
! INFO-      
! INFO-     Start of Translation: 30-SEP-2021  10:20:33 AM
! INFO-      
! STATUS-   Converting Part: C:\Users\V6CL\AppData\Local\Temp\V6CL52F88B1181g8.prt
! SUMMARY-   
! SUMMARY-  Summary of Unigraphics Part Entities
! SUMMARY-  For Part: C:\Users\V6CL\AppData\Local\Temp\V6CL52F88B1181g8.prt 
! SUMMARY-  Entities Processed             Count
! SUMMARY-  ------------------             -----
! SUMMARY-  Arc/Circle ..................:     1
! SUMMARY-  Part Attribute ..............:     1
! SUMMARY-  Font ........................:     1
! SUMMARY-  Color Table .................:     2
! SUMMARY-  Coordinate System ...........:     1
! SUMMARY-  Parameter ...................:     1
! SUMMARY-  Matrix ......................:     2
! SUMMARY-  Solid .......................:
! SUMMARY-     Body .....................:    59
! SUMMARY-                                 -----
! SUMMARY-  Total                             68
! STATUS-    
! STATUS-   Converting to Output Form (Phase 2 of 3): 30-SEP-2021 10:20:35 AM
! STATUS-    
! STATUS-    
! STATUS-   Generating UG geometry and placing them in parts
! STATUS-    
! SUMMARY-   
! SUMMARY-    STEP Header Information
! SUMMARY-   
! SUMMARY-  Description      Unknown
! SUMMARY-  Imp_Level        1
! SUMMARY-  File_Name        HeadCableConnector.stp
! SUMMARY-  Date             2021-09-30T10:20:35+09:00
! SUMMARY-  Author           Unknown
! SUMMARY-  Organization     Unknown
! SUMMARY-  Pre_Version      ST-DEVELOPER v18.1
! SUMMARY-  Orig_System      SIEMENS PLM Software NX 1953
! SUMMARY-  Authorization    Unknown
! SUMMARY-  Schema_ID        step_merged_ap_schema
! SUMMARY-   
! SUMMARY-    Summary of STEP Entities
! SUMMARY-   
! SUMMARY-  Entity Type                                                   Count
! SUMMARY-  -----------                                                   ------
! SUMMARY-  advanced_face ..............................................:   3953
! SUMMARY-  application_context ........................................:      1
! SUMMARY-  axis2_placement_3d .........................................:   7260
! SUMMARY-  b_spline_curve_with_knots ..................................:   2800
! SUMMARY-  b_spline_curve_with_knots_and_rational_b_spline_curve ......:     54
! SUMMARY-  b_spline_surface_with_knots ................................:    904
! SUMMARY-  b_spline_surface_with_knots_and_rational_b_spline_surface ..:     26
! SUMMARY-  cartesian_point ............................................:  51022
! SUMMARY-  circle .....................................................:   3963
! SUMMARY-  closed_shell ...............................................:     59
! SUMMARY-  conical_surface ............................................:    447
! SUMMARY-  conversion_based_unit_and_plane_angle_unit .................:      1
! SUMMARY-  cylindrical_surface ........................................:   1456
! SUMMARY-  dimensional_exponents ......................................:      1
! SUMMARY-  direction ..................................................:  17827
! SUMMARY-  edge_curve .................................................:  10395
! SUMMARY-  edge_loop ..................................................:   4242
! SUMMARY-  ellipse ....................................................:    274
! SUMMARY-  face_bound .................................................:    493
! SUMMARY-  face_outer_bound ...........................................:   3749
! SUMMARY-  geometric_representation_context_and_global_uncertainty_a ..:      1
! SUMMARY-  length_unit_and_si_unit ....................................:      1
! SUMMARY-  line .......................................................:   3306
! SUMMARY-  manifold_solid_brep ........................................:     59
! SUMMARY-  oriented_edge ..............................................:  20790
! SUMMARY-  plane ......................................................:    897
! SUMMARY-  plane_angle_measure_with_unit ..............................:      1
! SUMMARY-  plane_angle_unit_and_si_unit ...............................:      1
! SUMMARY-  product ....................................................:      1
! SUMMARY-  product_context ............................................:      1
! SUMMARY-  product_definition .........................................:      1
! SUMMARY-  product_definition_context .................................:      1
! SUMMARY-  product_definition_formation_with_specified_source .........:      1
! SUMMARY-  product_definition_shape ...................................:      1
! SUMMARY-  product_related_product_category ...........................:      1
! SUMMARY-  si_unit_and_solid_angle_unit ...............................:      1
! SUMMARY-  spherical_surface ..........................................:     24
! SUMMARY-  surface_of_linear_extrusion ................................:      1
! SUMMARY-  toroidal_surface ...........................................:    198
! SUMMARY-  uncertainty_measure_with_unit ..............................:      1
! SUMMARY-  vector .....................................................:   3307
! SUMMARY-  vertex_point ...............................................:   6681
! SUMMARY-                                                               -------
! SUMMARY-  Total                                                         144203
! INFO-      
! INFO-     User interface/default file
! INFO-     Bspline aprx. value in effect for this translation : 2.540000e-02 mm
! INFO-      
! INFO-     Total number of solids input for this translation  :      59
! INFO-      
! INFO-     Number of solids processed without problems        :      59
! INFO-      
! INFO-     Number of solids with problems output as sheets    :       0
! INFO-      
! INFO-     Number of solids not processed                     :       0
! INFO-      
! INFO-     End of Translation: 30-SEP-2021  10:20:36 AM
! INFO-      
